0 info it worked if it ends with ok
1 verbose cli [ 'C:\\Program Files\\nodejs\\node.exe',
1 verbose cli   'C:\\Program Files\\nodejs\\node_modules\\npm\\bin\\npm-cli.js',
1 verbose cli   'run-script',
1 verbose cli   'start' ]
2 info using npm@3.4.0
3 info using node@v4.2.1
4 verbose run-script [ 'prestart', 'start', 'poststart' ]
5 info lifecycle slack-invite-manager@0.0.0~prestart: slack-invite-manager@0.0.0
6 silly lifecycle slack-invite-manager@0.0.0~prestart: no script for prestart, continuing
7 info lifecycle slack-invite-manager@0.0.0~start: slack-invite-manager@0.0.0
8 verbose lifecycle slack-invite-manager@0.0.0~start: unsafe-perm in lifecycle true
9 verbose lifecycle slack-invite-manager@0.0.0~start: PATH: C:\Users\Pam\AppData\Roaming\nvm\v4.2.1\node_modules\npm\bin\node-gyp-bin;E:\Dev\WWC\slack-invite-manager\node_modules\.bin;C:\ProgramData\Oracle\Java\javapath;C:\Python27\;C:\Python27\Scripts;C:\WINDOWS\system32;C:\WINDOWS;C:\WINDOWS\System32\Wbem;C:\WINDOWS\System32\WindowsPowerShell\v1.0\;C:\Program Files\Git\cmd;C:\Program Files\Microsoft SQL Server\120\Tools\Binn\;C:\Program Files (x86)\GitExtensions\;C:\Users\Pam\AppData\Roaming\nvm;C:\Program Files\nodejs;C:\Program Files (x86)\Windows Live\Shared;C:\Program Files (x86)\Windows Kits\10\Windows Performance Toolkit\;C:\Program Files (x86)\Skype\Phone\;C:\Program Files\Microsoft\Web Platform Installer\;C:\Program Files (x86)\Microsoft SQL Server\Client SDK\ODBC\110\Tools\Binn\;C:\Program Files (x86)\Microsoft SQL Server\120\Tools\Binn\;C:\Program Files (x86)\Microsoft SQL Server\120\DTS\Binn\;C:\Program Files (x86)\Microsoft SQL Server\120\Tools\Binn\ManagementStudio\;C:\Program Files\MongoDB\Server\3.0\bin\;C:\Users\Pam\.dnx\runtimes\dnx-clr-win-x86.1.0.0-rc2-16357\bin;C:\Users\Pam\.dnx\bin;C:\Users\Pam\AppData\Local\atom\bin;C:\Users\Pam\AppData\Roaming\npm;C:\Users\Pam\AppData\Roaming\nvm;C:\Program Files\nodejs;C:\Program Files (x86)\Microsoft VS Code\bin
10 verbose lifecycle slack-invite-manager@0.0.0~start: CWD: E:\Dev\WWC\slack-invite-manager
11 silly lifecycle slack-invite-manager@0.0.0~start: Args: [ '/d /s /c', 'node ./bin/www' ]
12 silly lifecycle slack-invite-manager@0.0.0~start: Returned: code: 1  signal: null
13 info lifecycle slack-invite-manager@0.0.0~start: Failed to exec start script
14 verbose stack Error: slack-invite-manager@0.0.0 start: `node ./bin/www`
14 verbose stack Exit status 1
14 verbose stack     at EventEmitter.<anonymous> (C:\Users\Pam\AppData\Roaming\nvm\v4.2.1\node_modules\npm\lib\utils\lifecycle.js:232:16)
14 verbose stack     at emitTwo (events.js:87:13)
14 verbose stack     at EventEmitter.emit (events.js:172:7)
14 verbose stack     at ChildProcess.<anonymous> (C:\Users\Pam\AppData\Roaming\nvm\v4.2.1\node_modules\npm\lib\utils\spawn.js:24:14)
14 verbose stack     at emitTwo (events.js:87:13)
14 verbose stack     at ChildProcess.emit (events.js:172:7)
14 verbose stack     at maybeClose (internal/child_process.js:818:16)
14 verbose stack     at Process.ChildProcess._handle.onexit (internal/child_process.js:211:5)
15 verbose pkgid slack-invite-manager@0.0.0
16 verbose cwd E:\Dev\WWC\slack-invite-manager
17 error Windows_NT 10.0.10586
18 error argv "C:\\Program Files\\nodejs\\node.exe" "C:\\Program Files\\nodejs\\node_modules\\npm\\bin\\npm-cli.js" "run-script" "start"
19 error node v4.2.1
20 error npm  v3.4.0
21 error code ELIFECYCLE
22 error slack-invite-manager@0.0.0 start: `node ./bin/www`
22 error Exit status 1
23 error Failed at the slack-invite-manager@0.0.0 start script 'node ./bin/www'.
23 error Make sure you have the latest version of node.js and npm installed.
23 error If you do, this is most likely a problem with the slack-invite-manager package,
23 error not with npm itself.
23 error Tell the author that this fails on your system:
23 error     node ./bin/www
23 error You can get their info via:
23 error     npm owner ls slack-invite-manager
23 error There is likely additional logging output above.
24 verbose exit [ 1, true ]
